MPASM 5.86  /HOME/OTOJA/PROJECTS/PICNAWODE/A   1-2-2020  20:06:59         PAGE  1


LOC  OBJECT CODE     LINE SOURCE TEXT
  VALUE

                      00001     processor 16f876
                      00002     include <p16f876.inc>
                      00001         LIST
                      00002 
                      00003 ;==========================================================================
                      00004 ; Build date : Oct 24 2019
                      00005 ;  MPASM PIC16F876 processor include
                      00006 ; 
                      00007 ;  (c) Copyright 1999-2019 Microchip Technology, All rights reserved
                      00008 ;==========================================================================
                      00009 
                      00499         LIST
                      00003     ; https://www.tme.eu/Document/c3972e2483251b2e1f702409912d1888/pic16f87x.pdf
                      00004     ; ustawienia procesora   
2007   353A           00005     __config _FOSC_HS & _WDT_OFF & _PWRTE_OFF & _CP_OFF & _BOREN_OFF & _LVP_OFF & _CPD_OFF & _WRT_OFF & 
                            _DEBUG_ON 
                      00006     
  00000000            00007 LED_1           equ 0       ; RB.0 bicik portu z ledem
  00000001            00008 LED_2           equ 1       ; RB.1 drugi led
                      00009 
                      00010 ;-------------------------------------------    
                      00011 
                      00012                 ; blok danych w bank 0, wolne mamy od 0x20
                      00013                 cblock 0x020 
  00000020            00014 delCntr1 : 1    ; programowy licznik    
  00000021            00015 delCntr2 : 1    ; i kolejny
                      00016                 endc
                      00017 
                      00018                 ;-------------------------------------------            
                      00019 
                      00020 reset_vector:   code 0x0000
0000   2???           00021                 goto main
                      00022 
                      00023                 ;-------------------------------------------    
                      00024                 
                      00025 application:    code    
0000                  00026 main:
                      00027                 ; init rupieci
                      00028                 ; STATUS jest mapowany na wszystkie banki!!
                      00029 
0000   1683           00030                 bsf STATUS, RP0 ; bank 1, bo tam konfig portu B TRISB   
                      00031 
Message[302]: Register in operand not in bank 0.  Ensure that bank bits are correct.
0001   1006           00032                 bcf TRISB, LED_1 ; port leda 1 na wyjscie       
Message[302]: Register in operand not in bank 0.  Ensure that bank bits are correct.
0002   1086           00033                 bcf TRISB, LED_2 ; port leda 2
                      00034 
0003   1283           00035                 bcf STATUS, RP0 ; bank 0
                      00036                 ; stan poczatkowy led
0004   1006           00037                 bcf PORTB, LED_1 ; led off
0005   1086           00038                 bcf PORTB, LED_2 ; led off              
0006                  00039 mainLoop:       
0006   1406           00040                 bsf PORTB, LED_1    ; swieci, nie swieci
MPASM 5.86  /HOME/OTOJA/PROJECTS/PICNAWODE/A   1-2-2020  20:06:59         PAGE  2


LOC  OBJECT CODE     LINE SOURCE TEXT
  VALUE

0007   1086           00041                 bcf PORTB, LED_2
                      00042 
0008   2???           00043                 call delay          ; daj popatrzec
                      00044                 
0009   1006           00045                 bcf PORTB, LED_1    ; nie swieci, swieci
000A   1486           00046                 bsf PORTB, LED_2
                      00047 
000B   2???           00048                 call delay          ; daj popatrzec
                      00049                 
000C   2???           00050                 goto mainLoop
                      00051 
                      00052 ;-------------------------------------------            
                      00053 
000D                  00054 delay:
000D   30FF           00055                 movlw 0xFF
000E   00A0           00056                 movwf delCntr1
000F                  00057 delay_1:        ; petelka zewnetrzna (dekrementuje cntr1)       
000F   30FF           00058                 movlw 0xFF              
0010   00A1           00059                 movwf delCntr2
0011                  00060 delay_2:        ; petelka wewnetrzna (dec na cntr2)
0011   0000           00061                 nop
0012   0BA1           00062                 decfsz delCntr2,f       ; delCntr2--
0013   2???           00063                 goto delay_2            ; while (delCntr2 != 0)
0014   0BA0           00064                 decfsz delCntr1,f       ; delCntr1--
0015   2???           00065                 goto delay_1            ; while (delCntr1 != 0)
0016   0008           00066                 return  
                      00067                 
                      00068 ;-------------------------------------------            
                      00069                 
353A                  00070                 end
MPASM 5.86  /HOME/OTOJA/PROJECTS/PICNAWODE/A   1-2-2020  20:06:59         PAGE  3


SYMBOL TABLE
  LABEL                             VALUE 

ACKDT                             00000005
ACKEN                             00000004
ACKSTAT                           00000006
ADCON0                            0000001F
ADCON1                            0000009F
ADCS0                             00000006
ADCS1                             00000007
ADDEN                             00000003
ADFM                              00000007
ADIE                              00000006
ADIF                              00000006
ADON                              00000000
ADRESH                            0000001E
ADRESL                            0000009E
BCLIE                             00000003
BCLIF                             00000003
BF                                00000000
BRGH                              00000002
C                                 00000000
CCP1CON                           00000017
CCP1IE                            00000002
CCP1IF                            00000002
CCP1M0                            00000000
CCP1M1                            00000001
CCP1M2                            00000002
CCP1M3                            00000003
CCP1X                             00000005
CCP1Y                             00000004
CCP2CON                           0000001D
CCP2IE                            00000000
CCP2IF                            00000000
CCP2M0                            00000000
CCP2M1                            00000001
CCP2M2                            00000002
CCP2M3                            00000003
CCP2X                             00000005
CCP2Y                             00000004
CCPR1                             00000015
CCPR1H                            00000016
CCPR1L                            00000015
CCPR2                             0000001B
CCPR2H                            0000001C
CCPR2L                            0000001B
CHS0                              00000003
CHS1                              00000004
CHS2                              00000005
CKE                               00000006
CKP                               00000004
CREN                              00000004
CSRC                              00000007
D                                 00000005
DATA_ADDRESS                      00000005
DC                                00000001
MPASM 5.86  /HOME/OTOJA/PROJECTS/PICNAWODE/A   1-2-2020  20:06:59         PAGE  4


SYMBOL TABLE
  LABEL                             VALUE 

D_A                               00000005
D_NOT_A                           00000005
EEADR                             0000010D
EEADRH                            0000010F
EECON1                            0000018C
EECON2                            0000018D
EEDATA                            0000010C
EEDATH                            0000010E
EEIE                              00000004
EEIF                              00000004
EEPGD                             00000007
F                                 00000001
FERR                              00000002
FSR                               00000004
GCEN                              00000007
GIE                               00000007
GO                                00000002
GO_DONE                           00000002
GO_NOT_DONE                       00000002
I2C_DATA                          00000005
I2C_READ                          00000002
I2C_START                         00000003
I2C_STOP                          00000004
INDF                              00000000
INTCON                            0000000B
INTE                              00000004
INTEDG                            00000006
INTF                              00000001
IRP                               00000007
LED_1                             00000000
LED_2                             00000001
NOT_A                             00000005
NOT_ADDRESS                       00000005
NOT_BO                            00000000
NOT_BOR                           00000000
NOT_DONE                          00000002
NOT_PD                            00000003
NOT_POR                           00000001
NOT_RBPU                          00000007
NOT_RC8                           00000006
NOT_T1SYNC                        00000002
NOT_TO                            00000004
NOT_TX8                           00000006
NOT_W                             00000002
NOT_WRITE                         00000002
OERR                              00000001
OPTION_REG                        00000081
P                                 00000004
PCFG0                             00000000
PCFG1                             00000001
PCFG2                             00000002
PCFG3                             00000003
PCL                               00000002
MPASM 5.86  /HOME/OTOJA/PROJECTS/PICNAWODE/A   1-2-2020  20:06:59         PAGE  5


SYMBOL TABLE
  LABEL                             VALUE 

PCLATH                            0000000A
PCON                              0000008E
PEIE                              00000006
PEN                               00000002
PIE1                              0000008C
PIE2                              0000008D
PIR1                              0000000C
PIR2                              0000000D
PORTA                             00000005
PORTB                             00000006
PORTC                             00000007
PR2                               00000092
PS0                               00000000
PS1                               00000001
PS2                               00000002
PSA                               00000003
R                                 00000002
RA0                               00000000
RA1                               00000001
RA2                               00000002
RA3                               00000003
RA4                               00000004
RA5                               00000005
RB0                               00000000
RB1                               00000001
RB2                               00000002
RB3                               00000003
RB4                               00000004
RB5                               00000005
RB6                               00000006
RB7                               00000007
RBIE                              00000003
RBIF                              00000000
RC0                               00000000
RC1                               00000001
RC2                               00000002
RC3                               00000003
RC4                               00000004
RC5                               00000005
RC6                               00000006
RC7                               00000007
RC8_9                             00000006
RC9                               00000006
RCD8                              00000000
RCEN                              00000003
RCIE                              00000005
RCIF                              00000005
RCREG                             0000001A
RCSTA                             00000018
RD                                00000000
READ_WRITE                        00000002
RP0                               00000005
RP1                               00000006
MPASM 5.86  /HOME/OTOJA/PROJECTS/PICNAWODE/A   1-2-2020  20:06:59         PAGE  6


SYMBOL TABLE
  LABEL                             VALUE 

RSEN                              00000001
RX9                               00000006
RX9D                              00000000
R_NOT_W                           00000002
R_W                               00000002
S                                 00000003
SEN                               00000000
SMP                               00000007
SPBRG                             00000099
SPEN                              00000007
SREN                              00000005
SSPADD                            00000093
SSPBUF                            00000013
SSPCON                            00000014
SSPCON2                           00000091
SSPEN                             00000005
SSPIE                             00000003
SSPIF                             00000003
SSPM0                             00000000
SSPM1                             00000001
SSPM2                             00000002
SSPM3                             00000003
SSPOV                             00000006
SSPSTAT                           00000094
STATUS                            00000003
SYNC                              00000004
T0CS                              00000005
T0IE                              00000005
T0IF                              00000002
T0SE                              00000004
T1CKPS0                           00000004
T1CKPS1                           00000005
T1CON                             00000010
T1INSYNC                          00000002
T1OSCEN                           00000003
T1SYNC                            00000002
T2CKPS0                           00000000
T2CKPS1                           00000001
T2CON                             00000012
TMR0                              00000001
TMR0IE                            00000005
TMR0IF                            00000002
TMR1                              0000000E
TMR1CS                            00000001
TMR1H                             0000000F
TMR1IE                            00000000
TMR1IF                            00000000
TMR1L                             0000000E
TMR1ON                            00000000
TMR2                              00000011
TMR2IE                            00000001
TMR2IF                            00000001
TMR2ON                            00000002
MPASM 5.86  /HOME/OTOJA/PROJECTS/PICNAWODE/A   1-2-2020  20:06:59         PAGE  7


SYMBOL TABLE
  LABEL                             VALUE 

TOUTPS0                           00000003
TOUTPS1                           00000004
TOUTPS2                           00000005
TOUTPS3                           00000006
TRISA                             00000085
TRISA0                            00000000
TRISA1                            00000001
TRISA2                            00000002
TRISA3                            00000003
TRISA4                            00000004
TRISA5                            00000005
TRISB                             00000086
TRISB0                            00000000
TRISB1                            00000001
TRISB2                            00000002
TRISB3                            00000003
TRISB4                            00000004
TRISB5                            00000005
TRISB6                            00000006
TRISB7                            00000007
TRISC                             00000087
TRISC0                            00000000
TRISC1                            00000001
TRISC2                            00000002
TRISC3                            00000003
TRISC4                            00000004
TRISC5                            00000005
TRISC6                            00000006
TRISC7                            00000007
TRMT                              00000001
TX8_9                             00000006
TX9                               00000006
TX9D                              00000000
TXD8                              00000000
TXEN                              00000005
TXIE                              00000004
TXIF                              00000004
TXREG                             00000019
TXSTA                             00000098
UA                                00000001
W                                 00000000
WCOL                              00000007
WR                                00000001
WREN                              00000002
WRERR                             00000003
Z                                 00000002
_BODEN_OFF                        00003FBF
_BODEN_ON                         00003FFF
_BOREN_OFF                        00003FBF
_BOREN_ON                         00003FFF
_CONFIG                           00002007
_CPD_OFF                          00003FFF
_CPD_ON                           00003EFF
MPASM 5.86  /HOME/OTOJA/PROJECTS/PICNAWODE/A   1-2-2020  20:06:59         PAGE  8


SYMBOL TABLE
  LABEL                             VALUE 

_CP_ALL                           00000FCF
_CP_HALF                          00001FDF
_CP_OFF                           00003FFF
_CP_UPPER_256                     00002FEF
_DEBUG_OFF                        00003FFF
_DEBUG_ON                         000037FF
_DEVID1                           00002006
_FOSC_EXTRC                       00003FFF
_FOSC_HS                          00003FFE
_FOSC_LP                          00003FFC
_FOSC_XT                          00003FFD
_HS_OSC                           00003FFE
_IDLOC0                           00002000
_IDLOC1                           00002001
_IDLOC2                           00002002
_IDLOC3                           00002003
_LP_OSC                           00003FFC
_LVP_OFF                          00003F7F
_LVP_ON                           00003FFF
_PWRTE_OFF                        00003FFF
_PWRTE_ON                         00003FF7
_RC_OSC                           00003FFF
_WDTE_OFF                         00003FFB
_WDTE_ON                          00003FFF
_WDT_OFF                          00003FFB
_WDT_ON                           00003FFF
_WRT_ENABLE_OFF                   00003DFF
_WRT_ENABLE_ON                    00003FFF
_WRT_OFF                          00003DFF
_WRT_ON                           00003FFF
_XT_OSC                           00003FFD
__16F876                          00000001
delCntr1                          00000020
delCntr2                          00000021
delay                             0000000D
delay_1                           0000000F
delay_2                           00000011
main                              00000000
mainLoop                          00000006

Errors   :     0
Warnings :     0 reported,     0 suppressed
Messages :     2 reported,     0 suppressed

